This file contains any messages produced by compilers while
running configure, to aid debugging if configure makes a mistake.

It was created by liblo configure 0.22, which was
generated by GNU Autoconf 2.59.  Invocation command line was

  $ ./configure --enable-shared

## --------- ##
## Platform. ##
## --------- ##

hostname = MacBook-Pro-de-Julien.local
uname -m = x86_64
uname -r = 11.4.2
uname -s = Darwin
uname -v = Darwin Kernel Version 11.4.2: Thu Aug 23 16:25:48 PDT 2012; root:xnu-1699.32.7~1/RELEASE_X86_64

/usr/bin/uname -p = i386
/bin/uname -X     = unknown

/bin/arch              = unknown
/usr/bin/arch -k       = unknown
/usr/convex/getsysinfo = unknown
hostinfo               = Mach kernel version:
	 Darwin Kernel Version 11.4.2: Thu Aug 23 16:25:48 PDT 2012; root:xnu-1699.32.7~1/RELEASE_X86_64
Kernel configured for up to 8 processors.
4 processors are physically available.
8 processors are logically available.
Processor type: i486 (Intel 80486)
Processors active: 0 1 2 3 4 5 6 7
Primary memory available: 4.00 gigabytes
Default processor set: 113 tasks, 678 threads, 8 processors
Load average: 0.29, Mach factor: 7.69
/bin/machine           = unknown
/usr/bin/oslevel       = unknown
/bin/universe          = unknown

PATH: /opt/local/bin
PATH: /opt/local/sbin
PATH: /Applications/MAMP/bin/php5/bin
PATH: /Applications/MAMP/Library/bin
PATH: /usr/bin
PATH: /bin
PATH: /usr/sbin
PATH: /sbin
PATH: /usr/local/bin
PATH: /usr/X11/bin


## ----------- ##
## Core tests. ##
## ----------- ##

configure:1572: checking for a BSD-compatible install
configure:1627: result: /usr/bin/install -c
configure:1638: checking whether build environment is sane
configure:1681: result: yes
configure:1746: checking for gawk
configure:1775: result: no
configure:1746: checking for mawk
configure:1775: result: no
configure:1746: checking for nawk
configure:1775: result: no
configure:1746: checking for awk
configure:1762: found /usr/bin/awk
configure:1772: result: awk
configure:1782: checking whether make sets $(MAKE)
configure:1802: result: yes
configure:2082: checking for gcc
configure:2098: found /usr/bin/gcc
configure:2108: result: gcc
configure:2352: checking for C compiler version
configure:2355: gcc --version </dev/null >&5
i686-apple-darwin11-llvm-gcc-4.2 (GCC) 4.2.1 (Based on Apple Inc. build 5658) (LLVM build 2336.1.00)
Copyright (C) 2007 Free Software Foundation, Inc.
This is free software; see the source for copying conditions.  There is NO
warranty; not even for MERCHANTABILITY or FITNESS FOR A PARTICULAR PURPOSE.

configure:2358: $? = 0
configure:2360: gcc -v </dev/null >&5
Using built-in specs.
Target: i686-apple-darwin11
Configured with: /private/var/tmp/llvmgcc42/llvmgcc42-2336.1~22/src/configure --disable-checking --enable-werror --prefix=/Developer/usr/llvm-gcc-4.2 --mandir=/share/man --enable-languages=c,objc,c++,obj-c++ --program-prefix=llvm- --program-transform-name=/^[cg][^.-]*$/s/$/-4.2/ --with-slibdir=/usr/lib --build=i686-apple-darwin11 --enable-llvm=/private/var/tmp/llvmgcc42/llvmgcc42-2336.1~22/dst-llvmCore/Developer/usr/local --program-prefix=i686-apple-darwin11- --host=x86_64-apple-darwin11 --target=i686-apple-darwin11 --with-gxx-include-dir=/usr/include/c++/4.2.1
Thread model: posix
gcc version 4.2.1 (Based on Apple Inc. build 5658) (LLVM build 2336.1.00)
configure:2363: $? = 0
configure:2365: gcc -V </dev/null >&5
llvm-gcc-4.2: argument to `-V' is missing
configure:2368: $? = 1
configure:2391: checking for C compiler default output file name
configure:2394: gcc    conftest.c  >&5
configure:2397: $? = 0
configure:2443: result: a.out
configure:2448: checking whether the C compiler works
configure:2454: ./a.out
configure:2457: $? = 0
configure:2474: result: yes
configure:2481: checking whether we are cross compiling
configure:2483: result: no
configure:2486: checking for suffix of executables
configure:2488: gcc -o conftest    conftest.c  >&5
configure:2491: $? = 0
configure:2516: result: 
configure:2522: checking for suffix of object files
configure:2543: gcc -c   conftest.c >&5
configure:2546: $? = 0
configure:2568: result: o
configure:2572: checking whether we are using the GNU C compiler
configure:2596: gcc -c   conftest.c >&5
configure:2602: $? = 0
configure:2606: test -z 
			 || test ! -s conftest.err
configure:2609: $? = 0
configure:2612: test -s conftest.o
configure:2615: $? = 0
configure:2628: result: yes
configure:2634: checking whether gcc accepts -g
configure:2655: gcc -c -g  conftest.c >&5
configure:2661: $? = 0
configure:2665: test -z 
			 || test ! -s conftest.err
configure:2668: $? = 0
configure:2671: test -s conftest.o
configure:2674: $? = 0
configure:2685: result: yes
configure:2702: checking for gcc option to accept ANSI C
configure:2772: gcc  -c -g -O2  conftest.c >&5
configure:2778: $? = 0
configure:2782: test -z 
			 || test ! -s conftest.err
configure:2785: $? = 0
configure:2788: test -s conftest.o
configure:2791: $? = 0
configure:2809: result: none needed
configure:2827: gcc -c -g -O2  conftest.c >&5
conftest.c:2: error: expected '=', ',', ';', 'asm' or '__attribute__' before 'me'
configure:2833: $? = 1
configure: failed program was:
| #ifndef __cplusplus
|   choke me
| #endif
configure:2977: checking for style of include used by make
configure:3005: result: GNU
configure:3033: checking dependency style of gcc
configure:3123: result: gcc3
configure:3170: checking build system type
configure:3188: result: i686-apple-darwin11.4.2
configure:3196: checking host system type
configure:3210: result: i686-apple-darwin11.4.2
configure:3218: checking for a sed that does not truncate output
configure:3272: result: /usr/bin/sed
configure:3275: checking for egrep
configure:3285: result: grep -E
configure:3301: checking for ld used by gcc
configure:3368: result: /usr/llvm-gcc-4.2/libexec/gcc/i686-apple-darwin11/4.2.1/ld
configure:3377: checking if the linker (/usr/llvm-gcc-4.2/libexec/gcc/i686-apple-darwin11/4.2.1/ld) is GNU ld
configure:3392: result: no
configure:3397: checking for /usr/llvm-gcc-4.2/libexec/gcc/i686-apple-darwin11/4.2.1/ld option to reload object files
configure:3404: result: -r
configure:3422: checking for BSD-compatible nm
configure:3464: result: /usr/bin/nm
configure:3468: checking whether ln -s works
configure:3472: result: yes
configure:3479: checking how to recognise dependent libraries
configure:3651: result: pass_all
configure:3865: checking how to run the C preprocessor
configure:3900: gcc -E  conftest.c
configure:3906: $? = 0
configure:3938: gcc -E  conftest.c
conftest.c:11:28: error: ac_nonexistent.h: No such file or directory
configure:3944: $? = 1
configure: failed program was:
| /* confdefs.h.  */
| 
| #define PACKAGE_NAME "liblo"
| #define PACKAGE_TARNAME "liblo"
| #define PACKAGE_VERSION "0.22"
| #define PACKAGE_STRING "liblo 0.22"
| #define PACKAGE_BUGREPORT "steve@plugin.org.uk"
| #define PACKAGE "liblo"
| #define VERSION "0.22"
| /* end confdefs.h.  */
| #include <ac_nonexistent.h>
configure:3983: result: gcc -E
configure:4007: gcc -E  conftest.c
configure:4013: $? = 0
configure:4045: gcc -E  conftest.c
conftest.c:11:28: error: ac_nonexistent.h: No such file or directory
configure:4051: $? = 1
configure: failed program was:
| /* confdefs.h.  */
| 
| #define PACKAGE_NAME "liblo"
| #define PACKAGE_TARNAME "liblo"
| #define PACKAGE_VERSION "0.22"
| #define PACKAGE_STRING "liblo 0.22"
| #define PACKAGE_BUGREPORT "steve@plugin.org.uk"
| #define PACKAGE "liblo"
| #define VERSION "0.22"
| /* end confdefs.h.  */
| #include <ac_nonexistent.h>
configure:4095: checking for ANSI C header files
configure:4120: gcc -c -g -O2  conftest.c >&5
configure:4126: $? = 0
configure:4130: test -z 
			 || test ! -s conftest.err
configure:4133: $? = 0
configure:4136: test -s conftest.o
configure:4139: $? = 0
configure:4228: gcc -o conftest -g -O2   conftest.c  >&5
conftest.c: In function 'main':
conftest.c:28: warning: incompatible implicit declaration of built-in function 'exit'
configure:4231: $? = 0
configure:4233: ./conftest
configure:4236: $? = 0
configure:4251: result: yes
configure:4275: checking for sys/types.h
configure:4291: gcc -c -g -O2  conftest.c >&5
configure:4297: $? = 0
configure:4301: test -z 
			 || test ! -s conftest.err
configure:4304: $? = 0
configure:4307: test -s conftest.o
configure:4310: $? = 0
configure:4321: result: yes
configure:4275: checking for sys/stat.h
configure:4291: gcc -c -g -O2  conftest.c >&5
configure:4297: $? = 0
configure:4301: test -z 
			 || test ! -s conftest.err
configure:4304: $? = 0
configure:4307: test -s conftest.o
configure:4310: $? = 0
configure:4321: result: yes
configure:4275: checking for stdlib.h
configure:4291: gcc -c -g -O2  conftest.c >&5
configure:4297: $? = 0
configure:4301: test -z 
			 || test ! -s conftest.err
configure:4304: $? = 0
configure:4307: test -s conftest.o
configure:4310: $? = 0
configure:4321: result: yes
configure:4275: checking for string.h
configure:4291: gcc -c -g -O2  conftest.c >&5
configure:4297: $? = 0
configure:4301: test -z 
			 || test ! -s conftest.err
configure:4304: $? = 0
configure:4307: test -s conftest.o
configure:4310: $? = 0
configure:4321: result: yes
configure:4275: checking for memory.h
configure:4291: gcc -c -g -O2  conftest.c >&5
configure:4297: $? = 0
configure:4301: test -z 
			 || test ! -s conftest.err
configure:4304: $? = 0
configure:4307: test -s conftest.o
configure:4310: $? = 0
configure:4321: result: yes
configure:4275: checking for strings.h
configure:4291: gcc -c -g -O2  conftest.c >&5
configure:4297: $? = 0
configure:4301: test -z 
			 || test ! -s conftest.err
configure:4304: $? = 0
configure:4307: test -s conftest.o
configure:4310: $? = 0
configure:4321: result: yes
configure:4275: checking for inttypes.h
configure:4291: gcc -c -g -O2  conftest.c >&5
configure:4297: $? = 0
configure:4301: test -z 
			 || test ! -s conftest.err
configure:4304: $? = 0
configure:4307: test -s conftest.o
configure:4310: $? = 0
configure:4321: result: yes
configure:4275: checking for stdint.h
configure:4291: gcc -c -g -O2  conftest.c >&5
configure:4297: $? = 0
configure:4301: test -z 
			 || test ! -s conftest.err
configure:4304: $? = 0
configure:4307: test -s conftest.o
configure:4310: $? = 0
configure:4321: result: yes
configure:4275: checking for unistd.h
configure:4291: gcc -c -g -O2  conftest.c >&5
configure:4297: $? = 0
configure:4301: test -z 
			 || test ! -s conftest.err
configure:4304: $? = 0
configure:4307: test -s conftest.o
configure:4310: $? = 0
configure:4321: result: yes
configure:4347: checking dlfcn.h usability
configure:4359: gcc -c -g -O2  conftest.c >&5
configure:4365: $? = 0
configure:4369: test -z 
			 || test ! -s conftest.err
configure:4372: $? = 0
configure:4375: test -s conftest.o
configure:4378: $? = 0
configure:4388: result: yes
configure:4392: checking dlfcn.h presence
configure:4402: gcc -E  conftest.c
configure:4408: $? = 0
configure:4428: result: yes
configure:4463: checking for dlfcn.h
configure:4470: result: yes
configure:4535: checking for g++
configure:4551: found /usr/bin/g++
configure:4561: result: g++
configure:4577: checking for C++ compiler version
configure:4580: g++ --version </dev/null >&5
i686-apple-darwin11-llvm-g++-4.2 (GCC) 4.2.1 (Based on Apple Inc. build 5658) (LLVM build 2336.1.00)
Copyright (C) 2007 Free Software Foundation, Inc.
This is free software; see the source for copying conditions.  There is NO
warranty; not even for MERCHANTABILITY or FITNESS FOR A PARTICULAR PURPOSE.

configure:4583: $? = 0
configure:4585: g++ -v </dev/null >&5
Using built-in specs.
Target: i686-apple-darwin11
Configured with: /private/var/tmp/llvmgcc42/llvmgcc42-2336.1~22/src/configure --disable-checking --enable-werror --prefix=/Developer/usr/llvm-gcc-4.2 --mandir=/share/man --enable-languages=c,objc,c++,obj-c++ --program-prefix=llvm- --program-transform-name=/^[cg][^.-]*$/s/$/-4.2/ --with-slibdir=/usr/lib --build=i686-apple-darwin11 --enable-llvm=/private/var/tmp/llvmgcc42/llvmgcc42-2336.1~22/dst-llvmCore/Developer/usr/local --program-prefix=i686-apple-darwin11- --host=x86_64-apple-darwin11 --target=i686-apple-darwin11 --with-gxx-include-dir=/usr/include/c++/4.2.1
Thread model: posix
gcc version 4.2.1 (Based on Apple Inc. build 5658) (LLVM build 2336.1.00)
configure:4588: $? = 0
configure:4590: g++ -V </dev/null >&5
llvm-g++-4.2: argument to `-V' is missing
configure:4593: $? = 1
configure:4596: checking whether we are using the GNU C++ compiler
configure:4620: g++ -c   conftest.cc >&5
configure:4626: $? = 0
configure:4630: test -z 
			 || test ! -s conftest.err
configure:4633: $? = 0
configure:4636: test -s conftest.o
configure:4639: $? = 0
configure:4652: result: yes
configure:4658: checking whether g++ accepts -g
configure:4679: g++ -c -g  conftest.cc >&5
configure:4685: $? = 0
configure:4689: test -z 
			 || test ! -s conftest.err
configure:4692: $? = 0
configure:4695: test -s conftest.o
configure:4698: $? = 0
configure:4709: result: yes
configure:4751: g++ -c -g -O2  conftest.cc >&5
configure:4757: $? = 0
configure:4761: test -z 
			 || test ! -s conftest.err
configure:4764: $? = 0
configure:4767: test -s conftest.o
configure:4770: $? = 0
configure:4796: g++ -c -g -O2  conftest.cc >&5
conftest.cc: In function 'int main()':
conftest.cc:26: error: 'exit' was not declared in this scope
configure:4802: $? = 1
configure: failed program was:
| /* confdefs.h.  */
| 
| #define PACKAGE_NAME "liblo"
| #define PACKAGE_TARNAME "liblo"
| #define PACKAGE_VERSION "0.22"
| #define PACKAGE_STRING "liblo 0.22"
| #define PACKAGE_BUGREPORT "steve@plugin.org.uk"
| #define PACKAGE "liblo"
| #define VERSION "0.22"
| #define STDC_HEADERS 1
| #define HAVE_SYS_TYPES_H 1
| #define HAVE_SYS_STAT_H 1
| #define HAVE_STDLIB_H 1
| #define HAVE_STRING_H 1
| #define HAVE_MEMORY_H 1
| #define HAVE_STRINGS_H 1
| #define HAVE_INTTYPES_H 1
| #define HAVE_STDINT_H 1
| #define HAVE_UNISTD_H 1
| #define HAVE_DLFCN_H 1
| /* end confdefs.h.  */
| 
| int
| main ()
| {
| exit (42);
|   ;
|   return 0;
| }
configure:4751: g++ -c -g -O2  conftest.cc >&5
conftest.cc:22: error: 'void std::exit(int)' should have been declared inside 'std'
In file included from conftest.cc:23:
/usr/include/stdlib.h:159: error: declaration of 'void std::exit(int)' throws different exceptions
conftest.cc:22: error: from previous declaration 'void std::exit(int) throw ()'
configure:4757: $? = 1
configure: failed program was:
| /* confdefs.h.  */
| 
| #define PACKAGE_NAME "liblo"
| #define PACKAGE_TARNAME "liblo"
| #define PACKAGE_VERSION "0.22"
| #define PACKAGE_STRING "liblo 0.22"
| #define PACKAGE_BUGREPORT "steve@plugin.org.uk"
| #define PACKAGE "liblo"
| #define VERSION "0.22"
| #define STDC_HEADERS 1
| #define HAVE_SYS_TYPES_H 1
| #define HAVE_SYS_STAT_H 1
| #define HAVE_STDLIB_H 1
| #define HAVE_STRING_H 1
| #define HAVE_MEMORY_H 1
| #define HAVE_STRINGS_H 1
| #define HAVE_INTTYPES_H 1
| #define HAVE_STDINT_H 1
| #define HAVE_UNISTD_H 1
| #define HAVE_DLFCN_H 1
| /* end confdefs.h.  */
| extern "C" void std::exit (int) throw (); using std::exit;
| #include <stdlib.h>
| int
| main ()
| {
| exit (42);
|   ;
|   return 0;
| }
configure:4751: g++ -c -g -O2  conftest.cc >&5
conftest.cc:22: error: 'void std::exit(int)' should have been declared inside 'std'
configure:4757: $? = 1
configure: failed program was:
| /* confdefs.h.  */
| 
| #define PACKAGE_NAME "liblo"
| #define PACKAGE_TARNAME "liblo"
| #define PACKAGE_VERSION "0.22"
| #define PACKAGE_STRING "liblo 0.22"
| #define PACKAGE_BUGREPORT "steve@plugin.org.uk"
| #define PACKAGE "liblo"
| #define VERSION "0.22"
| #define STDC_HEADERS 1
| #define HAVE_SYS_TYPES_H 1
| #define HAVE_SYS_STAT_H 1
| #define HAVE_STDLIB_H 1
| #define HAVE_STRING_H 1
| #define HAVE_MEMORY_H 1
| #define HAVE_STRINGS_H 1
| #define HAVE_INTTYPES_H 1
| #define HAVE_STDINT_H 1
| #define HAVE_UNISTD_H 1
| #define HAVE_DLFCN_H 1
| /* end confdefs.h.  */
| extern "C" void std::exit (int); using std::exit;
| #include <stdlib.h>
| int
| main ()
| {
| exit (42);
|   ;
|   return 0;
| }
configure:4751: g++ -c -g -O2  conftest.cc >&5
In file included from conftest.cc:23:
/usr/include/stdlib.h:159: error: declaration of 'void exit(int)' throws different exceptions
conftest.cc:22: error: from previous declaration 'void exit(int) throw ()'
configure:4757: $? = 1
configure: failed program was:
| /* confdefs.h.  */
| 
| #define PACKAGE_NAME "liblo"
| #define PACKAGE_TARNAME "liblo"
| #define PACKAGE_VERSION "0.22"
| #define PACKAGE_STRING "liblo 0.22"
| #define PACKAGE_BUGREPORT "steve@plugin.org.uk"
| #define PACKAGE "liblo"
| #define VERSION "0.22"
| #define STDC_HEADERS 1
| #define HAVE_SYS_TYPES_H 1
| #define HAVE_SYS_STAT_H 1
| #define HAVE_STDLIB_H 1
| #define HAVE_STRING_H 1
| #define HAVE_MEMORY_H 1
| #define HAVE_STRINGS_H 1
| #define HAVE_INTTYPES_H 1
| #define HAVE_STDINT_H 1
| #define HAVE_UNISTD_H 1
| #define HAVE_DLFCN_H 1
| /* end confdefs.h.  */
| extern "C" void exit (int) throw ();
| #include <stdlib.h>
| int
| main ()
| {
| exit (42);
|   ;
|   return 0;
| }
configure:4751: g++ -c -g -O2  conftest.cc >&5
configure:4757: $? = 0
configure:4761: test -z 
			 || test ! -s conftest.err
configure:4764: $? = 0
configure:4767: test -s conftest.o
configure:4770: $? = 0
configure:4796: g++ -c -g -O2  conftest.cc >&5
configure:4802: $? = 0
configure:4806: test -z 
			 || test ! -s conftest.err
configure:4809: $? = 0
configure:4812: test -s conftest.o
configure:4815: $? = 0
configure:4840: checking dependency style of g++
configure:4930: result: gcc3
configure:4957: checking how to run the C++ preprocessor
configure:4988: g++ -E  conftest.cc
configure:4994: $? = 0
configure:5026: g++ -E  conftest.cc
conftest.cc:25:28: error: ac_nonexistent.h: No such file or directory
configure:5032: $? = 1
configure: failed program was:
| /* confdefs.h.  */
| 
| #define PACKAGE_NAME "liblo"
| #define PACKAGE_TARNAME "liblo"
| #define PACKAGE_VERSION "0.22"
| #define PACKAGE_STRING "liblo 0.22"
| #define PACKAGE_BUGREPORT "steve@plugin.org.uk"
| #define PACKAGE "liblo"
| #define VERSION "0.22"
| #define STDC_HEADERS 1
| #define HAVE_SYS_TYPES_H 1
| #define HAVE_SYS_STAT_H 1
| #define HAVE_STDLIB_H 1
| #define HAVE_STRING_H 1
| #define HAVE_MEMORY_H 1
| #define HAVE_STRINGS_H 1
| #define HAVE_INTTYPES_H 1
| #define HAVE_STDINT_H 1
| #define HAVE_UNISTD_H 1
| #define HAVE_DLFCN_H 1
| #ifdef __cplusplus
| extern "C" void exit (int);
| #endif
| /* end confdefs.h.  */
| #include <ac_nonexistent.h>
configure:5071: result: g++ -E
configure:5095: g++ -E  conftest.cc
configure:5101: $? = 0
configure:5133: g++ -E  conftest.cc
conftest.cc:25:28: error: ac_nonexistent.h: No such file or directory
configure:5139: $? = 1
configure: failed program was:
| /* confdefs.h.  */
| 
| #define PACKAGE_NAME "liblo"
| #define PACKAGE_TARNAME "liblo"
| #define PACKAGE_VERSION "0.22"
| #define PACKAGE_STRING "liblo 0.22"
| #define PACKAGE_BUGREPORT "steve@plugin.org.uk"
| #define PACKAGE "liblo"
| #define VERSION "0.22"
| #define STDC_HEADERS 1
| #define HAVE_SYS_TYPES_H 1
| #define HAVE_SYS_STAT_H 1
| #define HAVE_STDLIB_H 1
| #define HAVE_STRING_H 1
| #define HAVE_MEMORY_H 1
| #define HAVE_STRINGS_H 1
| #define HAVE_INTTYPES_H 1
| #define HAVE_STDINT_H 1
| #define HAVE_UNISTD_H 1
| #define HAVE_DLFCN_H 1
| #ifdef __cplusplus
| extern "C" void exit (int);
| #endif
| /* end confdefs.h.  */
| #include <ac_nonexistent.h>
configure:5236: checking for g77
configure:5265: result: no
configure:5236: checking for f77
configure:5265: result: no
configure:5236: checking for xlf
configure:5265: result: no
configure:5236: checking for frt
configure:5265: result: no
configure:5236: checking for pgf77
configure:5265: result: no
configure:5236: checking for fort77
configure:5265: result: no
configure:5236: checking for fl32
configure:5265: result: no
configure:5236: checking for af77
configure:5265: result: no
configure:5236: checking for f90
configure:5265: result: no
configure:5236: checking for xlf90
configure:5265: result: no
configure:5236: checking for pgf90
configure:5265: result: no
configure:5236: checking for epcf90
configure:5265: result: no
configure:5236: checking for f95
configure:5265: result: no
configure:5236: checking for fort
configure:5265: result: no
configure:5236: checking for xlf95
configure:5265: result: no
configure:5236: checking for ifc
configure:5265: result: no
configure:5236: checking for efc
configure:5265: result: no
configure:5236: checking for pgf95
configure:5265: result: no
configure:5236: checking for lf95
configure:5265: result: no
configure:5236: checking for gfortran
configure:5265: result: no
configure:5277: checking for Fortran 77 compiler version
configure:5280:  --version </dev/null >&5
./configure: line 5281: --version: command not found
configure:5283: $? = 127
configure:5285:  -v </dev/null >&5
./configure: line 5286: -v: command not found
configure:5288: $? = 127
configure:5290:  -V </dev/null >&5
./configure: line 5291: -V: command not found
configure:5293: $? = 127
configure:5301: checking whether we are using the GNU Fortran 77 compiler
configure:5315:  -c  conftest.F >&5
./configure: line 5316: -c: command not found
configure:5321: $? = 127
configure: failed program was:
|       program main
| #ifndef __GNUC__
|        choke me
| #endif
| 
|       end
configure:5347: result: no
configure:5353: checking whether  accepts -g
configure:5365:  -c -g conftest.f >&5
./configure: line 5366: -c: command not found
configure:5371: $? = 127
configure: failed program was:
|       program main
| 
|       end
configure:5396: result: no
configure:5426: checking the maximum length of command line arguments
configure:5518: result: 196608
configure:5529: checking command to parse /usr/bin/nm output from gcc object
configure:5625: gcc -c -g -O2  conftest.c >&5
configure:5628: $? = 0
configure:5632: /usr/bin/nm conftest.o \| sed -n -e 's/^.*[ 	]\([BCDEGRST][BCDEGRST]*\)[ 	][ 	]*\([_A-Za-z][_A-Za-z0-9]*\)$/\1 \2 \2/p' \> conftest.nm
configure:5635: $? = 0
cannot find nm_test_var in conftest.nm
configure:5625: gcc -c -g -O2  conftest.c >&5
configure:5628: $? = 0
configure:5632: /usr/bin/nm conftest.o \| sed -n -e 's/^.*[ 	]\([BCDEGRST][BCDEGRST]*\)[ 	][ 	]*_\([_A-Za-z][_A-Za-z0-9]*\)$/\1 _\2 \2/p' \> conftest.nm
configure:5635: $? = 0
configure:5687: gcc -o conftest -g -O2   conftest.c conftstm.o >&5
configure:5690: $? = 0
configure:5728: result: ok
configure:5732: checking for objdir
configure:5747: result: .libs
configure:5837: checking for ar
configure:5853: found /usr/bin/ar
configure:5864: result: ar
configure:5917: checking for ranlib
configure:5933: found /usr/bin/ranlib
configure:5944: result: ranlib
configure:5997: checking for strip
configure:6013: found /usr/bin/strip
configure:6024: result: strip
configure:6311: checking if gcc static flag  works
configure:6339: result: yes
configure:6357: checking if gcc supports -fno-rtti -fno-exceptions
configure:6375: gcc -c -g -O2  -fno-rtti -fno-exceptions conftest.c >&5
cc1: warning: command line option "-fno-rtti" is valid for C++/ObjC++ but not for C
configure:6379: $? = 0
configure:6392: result: no
configure:6407: checking for gcc option to produce PIC
configure:6611: result: -fno-common
configure:6619: checking if gcc PIC flag -fno-common works
configure:6637: gcc -c -g -O2  -fno-common -DPIC conftest.c >&5
configure:6641: $? = 0
configure:6654: result: yes
configure:6678: checking if gcc supports -c -o file.o
configure:6699: gcc -c -g -O2  -o out/conftest2.o conftest.c >&5
configure:6703: $? = 0
configure:6725: result: yes
configure:6751: checking whether the gcc linker (/usr/llvm-gcc-4.2/libexec/gcc/i686-apple-darwin11/4.2.1/ld) supports shared libraries
configure:7646: result: yes
configure:7717: checking dynamic linker characteristics
configure:8280: result: darwin11.4.2 dyld
configure:8284: checking how to hardcode library paths into programs
configure:8309: result: immediate
configure:8323: checking whether stripping libraries is possible
configure:8336: result: yes
configure:9158: checking if libtool supports shared libraries
configure:9160: result: yes
configure:9163: checking whether to build shared libraries
configure:9184: result: yes
configure:9187: checking whether to build static libraries
configure:9191: result: no
configure:9283: creating libtool
configure:9861: checking for ld used by g++
configure:9928: result: /usr/llvm-gcc-4.2/libexec/gcc/i686-apple-darwin11/4.2.1/ld
configure:9937: checking if the linker (/usr/llvm-gcc-4.2/libexec/gcc/i686-apple-darwin11/4.2.1/ld) is GNU ld
configure:9952: result: no
configure:10003: checking whether the g++ linker (/usr/llvm-gcc-4.2/libexec/gcc/i686-apple-darwin11/4.2.1/ld) supports shared libraries
configure:10890: result: yes
configure:10908: g++ -c -g -O2  conftest.cc >&5
configure:10911: $? = 0
configure:11007: checking for g++ option to produce PIC
configure:11275: result: -fno-common
configure:11283: checking if g++ PIC flag -fno-common works
configure:11301: g++ -c -g -O2  -fno-common -DPIC conftest.cc >&5
configure:11305: $? = 0
configure:11318: result: yes
configure:11342: checking if g++ supports -c -o file.o
configure:11363: g++ -c -g -O2  -o out/conftest2.o conftest.cc >&5
configure:11367: $? = 0
configure:11389: result: yes
configure:11415: checking whether the g++ linker (/usr/llvm-gcc-4.2/libexec/gcc/i686-apple-darwin11/4.2.1/ld) supports shared libraries
configure:11440: result: yes
configure:11511: checking dynamic linker characteristics
configure:12074: result: darwin11.4.2 dyld
configure:12078: checking how to hardcode library paths into programs
configure:12103: result: immediate
configure:12117: checking whether stripping libraries is possible
configure:12130: result: yes
configure:19662: checking for doxygen
configure:19691: result: no
configure:19699: checking for pthread_create in -lpthread
configure:19729: gcc -o conftest -g -O2   conftest.c -lpthread   >&5
configure:19735: $? = 0
configure:19739: test -z 
			 || test ! -s conftest.err
configure:19742: $? = 0
configure:19745: test -s conftest
configure:19748: $? = 0
configure:19761: result: yes
configure:19772: checking for library containing recvfrom
configure:19802: gcc -o conftest -g -O2   conftest.c -lpthread  >&5
configure:19808: $? = 0
configure:19812: test -z 
			 || test ! -s conftest.err
configure:19815: $? = 0
configure:19818: test -s conftest
configure:19821: $? = 0
configure:19891: result: none required
configure:19900: checking for ANSI C header files
configure:20056: result: yes
configure:20085: checking netdb.h usability
configure:20097: gcc -c -g -O2  conftest.c >&5
configure:20103: $? = 0
configure:20107: test -z 
			 || test ! -s conftest.err
configure:20110: $? = 0
configure:20113: test -s conftest.o
configure:20116: $? = 0
configure:20126: result: yes
configure:20130: checking netdb.h presence
configure:20140: gcc -E  conftest.c
configure:20146: $? = 0
configure:20166: result: yes
configure:20201: checking for netdb.h
configure:20208: result: yes
configure:20085: checking netinet/in.h usability
configure:20097: gcc -c -g -O2  conftest.c >&5
configure:20103: $? = 0
configure:20107: test -z 
			 || test ! -s conftest.err
configure:20110: $? = 0
configure:20113: test -s conftest.o
configure:20116: $? = 0
configure:20126: result: yes
configure:20130: checking netinet/in.h presence
configure:20140: gcc -E  conftest.c
configure:20146: $? = 0
configure:20166: result: yes
configure:20201: checking for netinet/in.h
configure:20208: result: yes
configure:20076: checking for stdlib.h
configure:20081: result: yes
configure:20076: checking for string.h
configure:20081: result: yes
configure:20085: checking sys/socket.h usability
configure:20097: gcc -c -g -O2  conftest.c >&5
configure:20103: $? = 0
configure:20107: test -z 
			 || test ! -s conftest.err
configure:20110: $? = 0
configure:20113: test -s conftest.o
configure:20116: $? = 0
configure:20126: result: yes
configure:20130: checking sys/socket.h presence
configure:20140: gcc -E  conftest.c
configure:20146: $? = 0
configure:20166: result: yes
configure:20201: checking for sys/socket.h
configure:20208: result: yes
configure:20076: checking for unistd.h
configure:20081: result: yes
configure:20223: checking for an ANSI C-conforming const
configure:20290: gcc -c -g -O2  conftest.c >&5
configure:20296: $? = 0
configure:20300: test -z 
			 || test ! -s conftest.err
configure:20303: $? = 0
configure:20306: test -s conftest.o
configure:20309: $? = 0
configure:20320: result: yes
configure:20330: checking for size_t
configure:20354: gcc -c -g -O2  conftest.c >&5
configure:20360: $? = 0
configure:20364: test -z 
			 || test ! -s conftest.err
configure:20367: $? = 0
configure:20370: test -s conftest.o
configure:20373: $? = 0
configure:20384: result: yes
configure:20397: checking whether byte ordering is bigendian
configure:20424: gcc -c -g -O2  conftest.c >&5
configure:20430: $? = 0
configure:20434: test -z 
			 || test ! -s conftest.err
configure:20437: $? = 0
configure:20440: test -s conftest.o
configure:20443: $? = 0
configure:20467: gcc -c -g -O2  conftest.c >&5
conftest.c: In function 'main':
conftest.c:40: error: 'not' undeclared (first use in this function)
conftest.c:40: error: (Each undeclared identifier is reported only once
conftest.c:40: error: for each function it appears in.)
conftest.c:40: error: expected ';' before 'big'
configure:20473: $? = 1
configure: failed program was:
| /* confdefs.h.  */
| 
| #define PACKAGE_NAME "liblo"
| #define PACKAGE_TARNAME "liblo"
| #define PACKAGE_VERSION "0.22"
| #define PACKAGE_STRING "liblo 0.22"
| #define PACKAGE_BUGREPORT "steve@plugin.org.uk"
| #define PACKAGE "liblo"
| #define VERSION "0.22"
| #define STDC_HEADERS 1
| #define HAVE_SYS_TYPES_H 1
| #define HAVE_SYS_STAT_H 1
| #define HAVE_STDLIB_H 1
| #define HAVE_STRING_H 1
| #define HAVE_MEMORY_H 1
| #define HAVE_STRINGS_H 1
| #define HAVE_INTTYPES_H 1
| #define HAVE_STDINT_H 1
| #define HAVE_UNISTD_H 1
| #define HAVE_DLFCN_H 1
| #ifdef __cplusplus
| extern "C" void exit (int);
| #endif
| #define HAVE_LIBPTHREAD 1
| #define STDC_HEADERS 1
| #define HAVE_NETDB_H 1
| #define HAVE_NETINET_IN_H 1
| #define HAVE_STDLIB_H 1
| #define HAVE_STRING_H 1
| #define HAVE_SYS_SOCKET_H 1
| #define HAVE_UNISTD_H 1
| /* end confdefs.h.  */
| #include <sys/types.h>
| #include <sys/param.h>
| 
| int
| main ()
| {
| #if BYTE_ORDER != BIG_ENDIAN
|  not big endian
| #endif
| 
|   ;
|   return 0;
| }
configure:20608: result: no
configure:20748: creating ./config.status

## ---------------------- ##
## Running config.status. ##
## ---------------------- ##

This file was extended by liblo config.status 0.22, which was
generated by GNU Autoconf 2.59.  Invocation command line was

  CONFIG_FILES    = 
  CONFIG_HEADERS  = 
  CONFIG_LINKS    = 
  CONFIG_COMMANDS = 
  $ ./config.status 

on MacBook-Pro-de-Julien.local

config.status:724: creating Makefile
config.status:724: creating src/Makefile
config.status:724: creating examples/Makefile
config.status:724: creating lo/Makefile
config.status:724: creating lo/lo_endian.h
config.status:724: creating liblo.pc
config.status:724: creating doc/Makefile
config.status:724: creating doc/reference.doxygen
config.status:828: creating config.h
config.status:1134: executing depfiles commands

## ---------------- ##
## Cache variables. ##
## ---------------- ##

ac_cv_build=i686-apple-darwin11.4.2
ac_cv_build_alias=i686-apple-darwin11.4.2
ac_cv_c_bigendian=no
ac_cv_c_compiler_gnu=yes
ac_cv_c_const=yes
ac_cv_cxx_compiler_gnu=yes
ac_cv_env_CC_set=
ac_cv_env_CC_value=
ac_cv_env_CFLAGS_set=
ac_cv_env_CFLAGS_value=
ac_cv_env_CPPFLAGS_set=
ac_cv_env_CPPFLAGS_value=
ac_cv_env_CPP_set=
ac_cv_env_CPP_value=
ac_cv_env_CXXCPP_set=
ac_cv_env_CXXCPP_value=
ac_cv_env_CXXFLAGS_set=
ac_cv_env_CXXFLAGS_value=
ac_cv_env_CXX_set=
ac_cv_env_CXX_value=
ac_cv_env_F77_set=
ac_cv_env_F77_value=
ac_cv_env_FFLAGS_set=
ac_cv_env_FFLAGS_value=
ac_cv_env_LDFLAGS_set=
ac_cv_env_LDFLAGS_value=
ac_cv_env_build_alias_set=
ac_cv_env_build_alias_value=
ac_cv_env_host_alias_set=
ac_cv_env_host_alias_value=
ac_cv_env_target_alias_set=
ac_cv_env_target_alias_value=
ac_cv_exeext=
ac_cv_f77_compiler_gnu=no
ac_cv_header_dlfcn_h=yes
ac_cv_header_inttypes_h=yes
ac_cv_header_memory_h=yes
ac_cv_header_netdb_h=yes
ac_cv_header_netinet_in_h=yes
ac_cv_header_stdc=yes
ac_cv_header_stdint_h=yes
ac_cv_header_stdlib_h=yes
ac_cv_header_string_h=yes
ac_cv_header_strings_h=yes
ac_cv_header_sys_socket_h=yes
ac_cv_header_sys_stat_h=yes
ac_cv_header_sys_types_h=yes
ac_cv_header_unistd_h=yes
ac_cv_host=i686-apple-darwin11.4.2
ac_cv_host_alias=i686-apple-darwin11.4.2
ac_cv_lib_pthread_pthread_create=yes
ac_cv_objext=o
ac_cv_path_install='/usr/bin/install -c'
ac_cv_prog_AWK=awk
ac_cv_prog_CPP='gcc -E'
ac_cv_prog_CXXCPP='g++ -E'
ac_cv_prog_ac_ct_AR=ar
ac_cv_prog_ac_ct_CC=gcc
ac_cv_prog_ac_ct_CXX=g++
ac_cv_prog_ac_ct_RANLIB=ranlib
ac_cv_prog_ac_ct_STRIP=strip
ac_cv_prog_cc_g=yes
ac_cv_prog_cc_stdc=
ac_cv_prog_cxx_g=yes
ac_cv_prog_egrep='grep -E'
ac_cv_prog_f77_g=no
ac_cv_prog_make_make_set=yes
ac_cv_search_recvfrom='none required'
ac_cv_type_size_t=yes
am_cv_CC_dependencies_compiler_type=gcc3
am_cv_CXX_dependencies_compiler_type=gcc3
lt_cv_deplibs_check_method=pass_all
lt_cv_file_magic_cmd='$MAGIC_CMD'
lt_cv_file_magic_test_file=
lt_cv_ld_reload_flag=-r
lt_cv_objdir=.libs
lt_cv_path_LD=/usr/llvm-gcc-4.2/libexec/gcc/i686-apple-darwin11/4.2.1/ld
lt_cv_path_LDCXX=/usr/llvm-gcc-4.2/libexec/gcc/i686-apple-darwin11/4.2.1/ld
lt_cv_path_NM=/usr/bin/nm
lt_cv_path_SED=/usr/bin/sed
lt_cv_prog_compiler_c_o=yes
lt_cv_prog_compiler_c_o_CXX=yes
lt_cv_prog_compiler_rtti_exceptions=no
lt_cv_prog_gnu_ld=no
lt_cv_prog_gnu_ldcxx=no
lt_cv_sys_global_symbol_pipe='sed -n -e '\''s/^.*[ 	]\([BCDEGRST][BCDEGRST]*\)[ 	][ 	]*_\([_A-Za-z][_A-Za-z0-9]*\)$/\1 _\2 \2/p'\'''
lt_cv_sys_global_symbol_to_c_name_address='sed -n -e '\''s/^: \([^ ]*\) $/  {\"\1\", (lt_ptr) 0},/p'\'' -e '\''s/^[BCDEGRST] \([^ ]*\) \([^ ]*\)$/  {"\2", (lt_ptr) \&\2},/p'\'''
lt_cv_sys_global_symbol_to_cdecl='sed -n -e '\''s/^. .* \(.*\)$/extern int \1;/p'\'''
lt_cv_sys_max_cmd_len=196608
lt_lt_cv_prog_compiler_c_o='"yes"'
lt_lt_cv_prog_compiler_c_o_CXX='"yes"'
lt_lt_cv_sys_global_symbol_pipe='"sed -n -e '\''s/^.*[ 	]\\([BCDEGRST][BCDEGRST]*\\)[ 	][ 	]*_\\([_A-Za-z][_A-Za-z0-9]*\\)\$/\\1 _\\2 \\2/p'\''"'
lt_lt_cv_sys_global_symbol_to_c_name_address='"sed -n -e '\''s/^: \\([^ ]*\\) \$/  {\\\"\\1\\\", (lt_ptr) 0},/p'\'' -e '\''s/^[BCDEGRST] \\([^ ]*\\) \\([^ ]*\\)\$/  {\"\\2\", (lt_ptr) \\&\\2},/p'\''"'
lt_lt_cv_sys_global_symbol_to_cdecl='"sed -n -e '\''s/^. .* \\(.*\\)\$/extern int \\1;/p'\''"'

## ----------------- ##
## Output variables. ##
## ----------------- ##

ACLOCAL='${SHELL} /Users/julien/Dev/drone2012/drone-dronescript/lib/liblo/missing --run aclocal-1.9'
AMDEPBACKSLASH='\'
AMDEP_FALSE='#'
AMDEP_TRUE=''
AMTAR='${SHELL} /Users/julien/Dev/drone2012/drone-dronescript/lib/liblo/missing --run tar'
AR='ar'
AUTOCONF='${SHELL} /Users/julien/Dev/drone2012/drone-dronescript/lib/liblo/missing --run autoconf'
AUTOHEADER='${SHELL} /Users/julien/Dev/drone2012/drone-dronescript/lib/liblo/missing --run autoheader'
AUTOMAKE='${SHELL} /Users/julien/Dev/drone2012/drone-dronescript/lib/liblo/missing --run automake-1.9'
AWK='awk'
CC='gcc'
CCDEPMODE='depmode=gcc3'
CFLAGS='-g -O2'
CPP='gcc -E'
CPPFLAGS=''
CXX='g++'
CXXCPP='g++ -E'
CXXDEPMODE='depmode=gcc3'
CXXFLAGS='-g -O2'
CYGPATH_W='echo'
DEFS='-DHAVE_CONFIG_H'
DEPDIR='.deps'
DOXYGEN=''
ECHO='/bin/echo'
ECHO_C='ECHO_N=''
ECHO_T=''
EGREP='grep -E'
EXEEXT=''
F77=''
FFLAGS=''
INSTALL_DATA='${INSTALL} -m 644'
INSTALL_PROGRAM='${INSTALL}'
INSTALL_SCRIPT='${INSTALL}'
INSTALL_STRIP_PROGRAM='${SHELL} $(install_sh) -c -s'
LDFLAGS=''
LIBOBJS=''
LIBS='-lpthread '
LIBTOOL='$(SHELL) $(top_builddir)/libtool'
LN_S='ln -s'
LO_BIGENDIAN='0'
LO_SO_VERSION='5:0:5'
LTLIBOBJS=''
MAKEINFO='${SHELL} /Users/julien/Dev/drone2012/drone-dronescript/lib/liblo/missing --run makeinfo'
OBJEXT='o'
PACKAGE='liblo'
PACKAGE_BUGREPORT='steve@plugin.org.uk'
PACKAGE_NAME='liblo'
PACKAGE_STRING='liblo 0.22'
PACKAGE_TARNAME='liblo'
PACKAGE_VERSION='0.22'
PATH_SEPARATOR=':'
RANLIB='ranlib'
SET_MAKE=''
SHELL='/bin/sh'
STRIP='strip'
VERSION='0.22'
ac_ct_AR='ar'
ac_ct_CC='gcc'
ac_ct_CXX='g++'
ac_ct_F77=''
ac_ct_RANLIB='ranlib'
ac_ct_STRIP='strip'
am__fastdepCC_FALSE='#'
am__fastdepCC_TRUE=''
am__fastdepCXX_FALSE='#'
am__fastdepCXX_TRUE=''
am__include='include'
am__leading_dot='.'
am__quote=''
am__tar='${AMTAR} chof - "$$tardir"'
am__untar='${AMTAR} xf -'
bindir='${exec_prefix}/bin'
build='i686-apple-darwin11.4.2'
build_alias=''
build_cpu='i686'
build_os='darwin11.4.2'
build_vendor='apple'
datadir='${prefix}/share'
exec_prefix='${prefix}'
host='i686-apple-darwin11.4.2'
host_alias=''
host_cpu='i686'
host_os='darwin11.4.2'
host_vendor='apple'
includedir='${prefix}/include'
infodir='${prefix}/info'
install_sh='/Users/julien/Dev/drone2012/drone-dronescript/lib/liblo/install-sh'
libdir='${exec_prefix}/lib'
libexecdir='${exec_prefix}/libexec'
localstatedir='${prefix}/var'
mandir='${prefix}/man'
mkdir_p='$(mkinstalldirs)'
oldincludedir='/usr/include'
prefix='/usr/local'
program_transform_name='s,x,x,'
sbindir='${exec_prefix}/sbin'
sharedstatedir='${prefix}/com'
sysconfdir='${prefix}/etc'
target_alias=''

## ----------- ##
## confdefs.h. ##
## ----------- ##

#define HAVE_DLFCN_H 1
#define HAVE_INTTYPES_H 1
#define HAVE_LIBPTHREAD 1
#define HAVE_MEMORY_H 1
#define HAVE_NETDB_H 1
#define HAVE_NETINET_IN_H 1
#define HAVE_STDINT_H 1
#define HAVE_STDLIB_H 1
#define HAVE_STDLIB_H 1
#define HAVE_STRINGS_H 1
#define HAVE_STRING_H 1
#define HAVE_STRING_H 1
#define HAVE_SYS_SOCKET_H 1
#define HAVE_SYS_STAT_H 1
#define HAVE_SYS_TYPES_H 1
#define HAVE_UNISTD_H 1
#define HAVE_UNISTD_H 1
#define LO_BIGENDIAN "0"
#define PACKAGE "liblo"
#define PACKAGE_BUGREPORT "steve@plugin.org.uk"
#define PACKAGE_NAME "liblo"
#define PACKAGE_STRING "liblo 0.22"
#define PACKAGE_TARNAME "liblo"
#define PACKAGE_VERSION "0.22"
#define STDC_HEADERS 1
#define STDC_HEADERS 1
#define VERSION "0.22"
#endif
#ifdef __cplusplus
extern "C" void exit (int);

configure: exit 0
