This file contains any messages produced by compilers while
running configure, to aid debugging if configure makes a mistake.

It was created by STK configure 4.1.2, which was
generated by GNU Autoconf 2.57.  Invocation command line was

  $ ./configure --enable-debug --with-alsa

## --------- ##
## Platform. ##
## --------- ##

hostname = laboite
uname -m = i686
uname -r = 2.6.7-gentoo-r11
uname -s = Linux
uname -v = #1 Mon Aug 30 22:23:56 EDT 2004

/usr/bin/uname -p = Intel(R) Pentium(R) M processor 1.70GHz
/bin/uname -X     = unknown

/bin/arch              = i686
/usr/bin/arch -k       = unknown
/usr/convex/getsysinfo = unknown
hostinfo               = unknown
/bin/machine           = unknown
/usr/bin/oslevel       = unknown
/bin/universe          = unknown

PATH: /usr/kde/3.2/bin
PATH: /bin
PATH: /usr/bin
PATH: /usr/local/bin
PATH: /opt/bin
PATH: /usr/i686-pc-linux-gnu/gcc-bin/3.3
PATH: /opt/ati/bin
PATH: /usr/X11R6/bin
PATH: /opt/blackdown-jdk-1.4.1/bin
PATH: /opt/blackdown-jdk-1.4.1/jre/bin
PATH: /usr/qt/3/bin
PATH: /usr/kde/3.2/bin
PATH: /home/julien/scripts


## ----------- ##
## Core tests. ##
## ----------- ##

configure:1348: checking for gcc
configure:1374: result: gcc
configure:1618: checking for C compiler version
configure:1621: gcc --version </dev/null >&5
gcc (GCC) 3.3.2 20031218 (Gentoo Linux 3.3.2-r5, propolice-3.3-7)
Copyright (C) 2003 Free Software Foundation, Inc.
This is free software; see the source for copying conditions.  There is NO
warranty; not even for MERCHANTABILITY or FITNESS FOR A PARTICULAR PURPOSE.

configure:1624: $? = 0
configure:1626: gcc -v </dev/null >&5
Reading specs from /usr/lib/gcc-lib/i686-pc-linux-gnu/3.3.2/specs
Configured with: /var/tmp/portage/gcc-3.3.2-r5/work/gcc-3.3.2/configure --prefix=/usr --bindir=/usr/i686-pc-linux-gnu/gcc-bin/3.3 --includedir=/usr/lib/gcc-lib/i686-pc-linux-gnu/3.3.2/include --datadir=/usr/share/gcc-data/i686-pc-linux-gnu/3.3 --mandir=/usr/share/gcc-data/i686-pc-linux-gnu/3.3/man --infodir=/usr/share/gcc-data/i686-pc-linux-gnu/3.3/info --enable-shared --host=i686-pc-linux-gnu --target=i686-pc-linux-gnu --with-system-zlib --enable-languages=c,c++,f77,objc --enable-threads=posix --enable-long-long --disable-checking --enable-cstdio=stdio --enable-clocale=generic --enable-__cxa_atexit --enable-version-specific-runtime-libs --with-gxx-include-dir=/usr/lib/gcc-lib/i686-pc-linux-gnu/3.3.2/include/g++-v3 --with-local-prefix=/usr/local --enable-shared --enable-nls --without-included-gettext --disable-multilib
Thread model: posix
gcc version 3.3.2 20031218 (Gentoo Linux 3.3.2-r5, propolice-3.3-7)
configure:1629: $? = 0
configure:1631: gcc -V </dev/null >&5
gcc: `-V' option must have argument
configure:1634: $? = 1
configure:1658: checking for C compiler default output
configure:1661: gcc    conftest.c  >&5
configure:1664: $? = 0
configure:1710: result: a.out
configure:1715: checking whether the C compiler works
configure:1721: ./a.out
configure:1724: $? = 0
configure:1741: result: yes
configure:1748: checking whether we are cross compiling
configure:1750: result: no
configure:1753: checking for suffix of executables
configure:1755: gcc -o conftest    conftest.c  >&5
configure:1758: $? = 0
configure:1783: result: 
configure:1789: checking for suffix of object files
configure:1811: gcc -c   conftest.c >&5
configure:1814: $? = 0
configure:1836: result: o
configure:1840: checking whether we are using the GNU C compiler
configure:1865: gcc -c   conftest.c >&5
configure:1868: $? = 0
configure:1871: test -s conftest.o
configure:1874: $? = 0
configure:1887: result: yes
configure:1893: checking whether gcc accepts -g
configure:1915: gcc -c -g  conftest.c >&5
configure:1918: $? = 0
configure:1921: test -s conftest.o
configure:1924: $? = 0
configure:1935: result: yes
configure:1952: checking for gcc option to accept ANSI C
configure:2013: gcc  -c -g -O2  conftest.c >&5
configure:2016: $? = 0
configure:2019: test -s conftest.o
configure:2022: $? = 0
configure:2040: result: none needed
configure:2058: gcc -c -g -O2  conftest.c >&5
conftest.c:2: error: syntax error before "me"
configure:2061: $? = 1
configure: failed program was:
| #ifndef __cplusplus
|   choke me
| #endif
configure:2264: checking for C++ compiler version
configure:2267: g++ --version </dev/null >&5
g++ (GCC) 3.3.2 20031218 (Gentoo Linux 3.3.2-r5, propolice-3.3-7)
Copyright (C) 2003 Free Software Foundation, Inc.
This is free software; see the source for copying conditions.  There is NO
warranty; not even for MERCHANTABILITY or FITNESS FOR A PARTICULAR PURPOSE.

configure:2270: $? = 0
configure:2272: g++ -v </dev/null >&5
Reading specs from /usr/lib/gcc-lib/i686-pc-linux-gnu/3.3.2/specs
Configured with: /var/tmp/portage/gcc-3.3.2-r5/work/gcc-3.3.2/configure --prefix=/usr --bindir=/usr/i686-pc-linux-gnu/gcc-bin/3.3 --includedir=/usr/lib/gcc-lib/i686-pc-linux-gnu/3.3.2/include --datadir=/usr/share/gcc-data/i686-pc-linux-gnu/3.3 --mandir=/usr/share/gcc-data/i686-pc-linux-gnu/3.3/man --infodir=/usr/share/gcc-data/i686-pc-linux-gnu/3.3/info --enable-shared --host=i686-pc-linux-gnu --target=i686-pc-linux-gnu --with-system-zlib --enable-languages=c,c++,f77,objc --enable-threads=posix --enable-long-long --disable-checking --enable-cstdio=stdio --enable-clocale=generic --enable-__cxa_atexit --enable-version-specific-runtime-libs --with-gxx-include-dir=/usr/lib/gcc-lib/i686-pc-linux-gnu/3.3.2/include/g++-v3 --with-local-prefix=/usr/local --enable-shared --enable-nls --without-included-gettext --disable-multilib
Thread model: posix
gcc version 3.3.2 20031218 (Gentoo Linux 3.3.2-r5, propolice-3.3-7)
configure:2275: $? = 0
configure:2277: g++ -V </dev/null >&5
g++: `-V' option must have argument
configure:2280: $? = 1
configure:2283: checking whether we are using the GNU C++ compiler
configure:2308: g++ -c   conftest.cc >&5
configure:2311: $? = 0
configure:2314: test -s conftest.o
configure:2317: $? = 0
configure:2330: result: yes
configure:2336: checking whether g++ accepts -g
configure:2358: g++ -c -g  conftest.cc >&5
configure:2361: $? = 0
configure:2364: test -s conftest.o
configure:2367: $? = 0
configure:2378: result: yes
configure:2422: g++ -c -g -O2  conftest.cc >&5
configure:2425: $? = 0
configure:2428: test -s conftest.o
configure:2431: $? = 0
configure:2458: g++ -c -g -O2  conftest.cc >&5
configure: In function `int main()':
configure:2453: error: `exit' undeclared (first use this function)
configure:2453: error: (Each undeclared identifier is reported only once for 
   each function it appears in.)
configure:2461: $? = 1
configure: failed program was:
| #line 2441 "configure"
| /* confdefs.h.  */
| 
| #define PACKAGE_NAME "STK"
| #define PACKAGE_TARNAME "stk"
| #define PACKAGE_VERSION "4.1.2"
| #define PACKAGE_STRING "STK 4.1.2"
| #define PACKAGE_BUGREPORT "gary@ccrma.stanford.edu"
| /* end confdefs.h.  */
| 
| int
| main ()
| {
| exit (42);
|   ;
|   return 0;
| }
configure:2422: g++ -c -g -O2  conftest.cc >&5
configure:2425: $? = 0
configure:2428: test -s conftest.o
configure:2431: $? = 0
configure:2458: g++ -c -g -O2  conftest.cc >&5
configure:2461: $? = 0
configure:2464: test -s conftest.o
configure:2467: $? = 0
configure:2584: checking for C++ compiler version
configure:2587: g++ --version </dev/null >&5
g++ (GCC) 3.3.2 20031218 (Gentoo Linux 3.3.2-r5, propolice-3.3-7)
Copyright (C) 2003 Free Software Foundation, Inc.
This is free software; see the source for copying conditions.  There is NO
warranty; not even for MERCHANTABILITY or FITNESS FOR A PARTICULAR PURPOSE.

configure:2590: $? = 0
configure:2592: g++ -v </dev/null >&5
Reading specs from /usr/lib/gcc-lib/i686-pc-linux-gnu/3.3.2/specs
Configured with: /var/tmp/portage/gcc-3.3.2-r5/work/gcc-3.3.2/configure --prefix=/usr --bindir=/usr/i686-pc-linux-gnu/gcc-bin/3.3 --includedir=/usr/lib/gcc-lib/i686-pc-linux-gnu/3.3.2/include --datadir=/usr/share/gcc-data/i686-pc-linux-gnu/3.3 --mandir=/usr/share/gcc-data/i686-pc-linux-gnu/3.3/man --infodir=/usr/share/gcc-data/i686-pc-linux-gnu/3.3/info --enable-shared --host=i686-pc-linux-gnu --target=i686-pc-linux-gnu --with-system-zlib --enable-languages=c,c++,f77,objc --enable-threads=posix --enable-long-long --disable-checking --enable-cstdio=stdio --enable-clocale=generic --enable-__cxa_atexit --enable-version-specific-runtime-libs --with-gxx-include-dir=/usr/lib/gcc-lib/i686-pc-linux-gnu/3.3.2/include/g++-v3 --with-local-prefix=/usr/local --enable-shared --enable-nls --without-included-gettext --disable-multilib
Thread model: posix
gcc version 3.3.2 20031218 (Gentoo Linux 3.3.2-r5, propolice-3.3-7)
configure:2595: $? = 0
configure:2597: g++ -V </dev/null >&5
g++: `-V' option must have argument
configure:2600: $? = 1
configure:2603: checking whether we are using the GNU C++ compiler
configure:2650: result: yes
configure:2656: checking whether g++ accepts -g
configure:2698: result: yes
configure:2742: g++ -c -g -O2  conftest.cc >&5
configure:2745: $? = 0
configure:2748: test -s conftest.o
configure:2751: $? = 0
configure:2778: g++ -c -g -O2  conftest.cc >&5
configure:2781: $? = 0
configure:2784: test -s conftest.o
configure:2787: $? = 0
configure:2818: checking how to run the C preprocessor
configure:2854: gcc -E  conftest.c
configure:2860: $? = 0
configure:2892: gcc -E  conftest.c
configure:2894:28: ac_nonexistent.h: No such file or directory
configure:2898: $? = 1
configure: failed program was:
| #line 2883 "configure"
| /* confdefs.h.  */
| 
| #define PACKAGE_NAME "STK"
| #define PACKAGE_TARNAME "stk"
| #define PACKAGE_VERSION "4.1.2"
| #define PACKAGE_STRING "STK 4.1.2"
| #define PACKAGE_BUGREPORT "gary@ccrma.stanford.edu"
| #ifdef __cplusplus
| #include <stdlib.h>
| #endif
| /* end confdefs.h.  */
| #include <ac_nonexistent.h>
configure:2936: result: gcc -E
configure:2961: gcc -E  conftest.c
configure:2967: $? = 0
configure:2999: gcc -E  conftest.c
configure:3001:28: ac_nonexistent.h: No such file or directory
configure:3005: $? = 1
configure: failed program was:
| #line 2990 "configure"
| /* confdefs.h.  */
| 
| #define PACKAGE_NAME "STK"
| #define PACKAGE_TARNAME "stk"
| #define PACKAGE_VERSION "4.1.2"
| #define PACKAGE_STRING "STK 4.1.2"
| #define PACKAGE_BUGREPORT "gary@ccrma.stanford.edu"
| #ifdef __cplusplus
| #include <stdlib.h>
| #endif
| /* end confdefs.h.  */
| #include <ac_nonexistent.h>
configure:3048: checking for egrep
configure:3058: result: grep -E
configure:3063: checking for ANSI C header files
configure:3089: gcc -c -g -O2  conftest.c >&5
configure:3092: $? = 0
configure:3095: test -s conftest.o
configure:3098: $? = 0
configure:3187: gcc -o conftest -g -O2   conftest.c  >&5
configure:3190: $? = 0
configure:3192: ./conftest
configure:3195: $? = 0
configure:3210: result: yes
configure:3234: checking for sys/types.h
configure:3251: gcc -c -g -O2  conftest.c >&5
configure:3254: $? = 0
configure:3257: test -s conftest.o
configure:3260: $? = 0
configure:3271: result: yes
configure:3234: checking for sys/stat.h
configure:3251: gcc -c -g -O2  conftest.c >&5
configure:3254: $? = 0
configure:3257: test -s conftest.o
configure:3260: $? = 0
configure:3271: result: yes
configure:3234: checking for stdlib.h
configure:3251: gcc -c -g -O2  conftest.c >&5
configure:3254: $? = 0
configure:3257: test -s conftest.o
configure:3260: $? = 0
configure:3271: result: yes
configure:3234: checking for string.h
configure:3251: gcc -c -g -O2  conftest.c >&5
configure:3254: $? = 0
configure:3257: test -s conftest.o
configure:3260: $? = 0
configure:3271: result: yes
configure:3234: checking for memory.h
configure:3251: gcc -c -g -O2  conftest.c >&5
configure:3254: $? = 0
configure:3257: test -s conftest.o
configure:3260: $? = 0
configure:3271: result: yes
configure:3234: checking for strings.h
configure:3251: gcc -c -g -O2  conftest.c >&5
configure:3254: $? = 0
configure:3257: test -s conftest.o
configure:3260: $? = 0
configure:3271: result: yes
configure:3234: checking for inttypes.h
configure:3251: gcc -c -g -O2  conftest.c >&5
configure:3254: $? = 0
configure:3257: test -s conftest.o
configure:3260: $? = 0
configure:3271: result: yes
configure:3234: checking for stdint.h
configure:3251: gcc -c -g -O2  conftest.c >&5
configure:3254: $? = 0
configure:3257: test -s conftest.o
configure:3260: $? = 0
configure:3271: result: yes
configure:3234: checking for unistd.h
configure:3251: gcc -c -g -O2  conftest.c >&5
configure:3254: $? = 0
configure:3257: test -s conftest.o
configure:3260: $? = 0
configure:3271: result: yes
configure:3301: checking fcntl.h usability
configure:3314: gcc -c -g -O2  conftest.c >&5
configure:3317: $? = 0
configure:3320: test -s conftest.o
configure:3323: $? = 0
configure:3333: result: yes
configure:3337: checking fcntl.h presence
configure:3348: gcc -E  conftest.c
configure:3354: $? = 0
configure:3373: result: yes
configure:3409: checking for fcntl.h
configure:3416: result: yes
configure:3301: checking sys/ioctl.h usability
configure:3314: gcc -c -g -O2  conftest.c >&5
configure:3317: $? = 0
configure:3320: test -s conftest.o
configure:3323: $? = 0
configure:3333: result: yes
configure:3337: checking sys/ioctl.h presence
configure:3348: gcc -E  conftest.c
configure:3354: $? = 0
configure:3373: result: yes
configure:3409: checking for sys/ioctl.h
configure:3416: result: yes
configure:3301: checking sys/time.h usability
configure:3314: gcc -c -g -O2  conftest.c >&5
configure:3317: $? = 0
configure:3320: test -s conftest.o
configure:3323: $? = 0
configure:3333: result: yes
configure:3337: checking sys/time.h presence
configure:3348: gcc -E  conftest.c
configure:3354: $? = 0
configure:3373: result: yes
configure:3409: checking for sys/time.h
configure:3416: result: yes
configure:3301: checking termio.h usability
configure:3314: gcc -c -g -O2  conftest.c >&5
configure:3317: $? = 0
configure:3320: test -s conftest.o
configure:3323: $? = 0
configure:3333: result: yes
configure:3337: checking termio.h presence
configure:3348: gcc -E  conftest.c
configure:3354: $? = 0
configure:3373: result: yes
configure:3409: checking for termio.h
configure:3416: result: yes
configure:3292: checking for unistd.h
configure:3297: result: yes
configure:3431: checking for an ANSI C-conforming const
configure:3499: gcc -c -g -O2  conftest.c >&5
configure:3502: $? = 0
configure:3505: test -s conftest.o
configure:3508: $? = 0
configure:3519: result: yes
configure:3529: checking for size_t
configure:3554: gcc -c -g -O2  conftest.c >&5
configure:3557: $? = 0
configure:3560: test -s conftest.o
configure:3563: $? = 0
configure:3574: result: yes
configure:3586: checking whether time.h and sys/time.h may both be included
configure:3612: gcc -c -g -O2  conftest.c >&5
configure:3615: $? = 0
configure:3618: test -s conftest.o
configure:3621: $? = 0
configure:3632: result: yes
configure:3642: checking whether byte ordering is bigendian
configure:3670: gcc -c -g -O2  conftest.c >&5
configure:3673: $? = 0
configure:3676: test -s conftest.o
configure:3679: $? = 0
configure:3704: gcc -c -g -O2  conftest.c >&5
configure: In function `main':
configure:3716: error: `not' undeclared (first use in this function)
configure:3716: error: (Each undeclared identifier is reported only once
configure:3716: error: for each function it appears in.)
configure:3716: error: syntax error before "big"
configure:3707: $? = 1
configure: failed program was:
| #line 3682 "configure"
| /* confdefs.h.  */
| 
| #define PACKAGE_NAME "STK"
| #define PACKAGE_TARNAME "stk"
| #define PACKAGE_VERSION "4.1.2"
| #define PACKAGE_STRING "STK 4.1.2"
| #define PACKAGE_BUGREPORT "gary@ccrma.stanford.edu"
| #ifdef __cplusplus
| #include <stdlib.h>
| #endif
| #define STDC_HEADERS 1
| #define HAVE_SYS_TYPES_H 1
| #define HAVE_SYS_STAT_H 1
| #define HAVE_STDLIB_H 1
| #define HAVE_STRING_H 1
| #define HAVE_MEMORY_H 1
| #define HAVE_STRINGS_H 1
| #define HAVE_INTTYPES_H 1
| #define HAVE_STDINT_H 1
| #define HAVE_UNISTD_H 1
| #define HAVE_FCNTL_H 1
| #define HAVE_SYS_IOCTL_H 1
| #define HAVE_SYS_TIME_H 1
| #define HAVE_TERMIO_H 1
| #define HAVE_UNISTD_H 1
| #define TIME_WITH_SYS_TIME 1
| /* end confdefs.h.  */
| #include <sys/types.h>
| #include <sys/param.h>
| 
| int
| main ()
| {
| #if BYTE_ORDER != BIG_ENDIAN
|  not big endian
| #endif
| 
|   ;
|   return 0;
| }
configure:3827: result: no
configure:3866: checking for RAWWAVE_PATH argument
configure:3870: result: 
configure:3873: checking for INCLUDE_PATH argument
configure:3877: result: 
configure:3881: checking whether to compile realtime support
configure:3893: result: yes
configure:3898: checking for cos in -lm
configure:3929: gcc -o conftest -g -O2   conftest.c -lm   >&5
configure:3939: warning: conflicting types for built-in function `cos'
configure:3932: $? = 0
configure:3935: test -s conftest
configure:3938: $? = 0
configure:3950: result: yes
configure:3968: checking for pthread_create in -lpthread
configure:3999: gcc -o conftest -g -O2   conftest.c -lpthread  -lm  >&5
configure:4002: $? = 0
configure:4005: test -s conftest
configure:4008: $? = 0
configure:4020: result: yes
configure:4041: checking for gettimeofday
configure:4091: gcc -o conftest -g -O2   conftest.c -lpthread -lm  >&5
configure:4094: $? = 0
configure:4097: test -s conftest
configure:4100: $? = 0
configure:4111: result: yes
configure:4041: checking for select
configure:4091: gcc -o conftest -g -O2   conftest.c -lpthread -lm  >&5
configure:4094: $? = 0
configure:4097: test -s conftest
configure:4100: $? = 0
configure:4111: result: yes
configure:4041: checking for socket
configure:4091: gcc -o conftest -g -O2   conftest.c -lpthread -lm  >&5
configure:4094: $? = 0
configure:4097: test -s conftest
configure:4100: $? = 0
configure:4111: result: yes
configure:4124: checking whether to compile debug version
configure:4132: result: yes
configure:4181: checking build system type
configure:4199: result: i686-pc-linux-gnu
configure:4207: checking host system type
configure:4221: result: i686-pc-linux-gnu
configure:4229: checking for audio API
configure:4393: result: using ALSA
configure:4398: checking for snd_pcm_open in -lasound
configure:4429: gcc -o conftest -g -O2   conftest.c -lasound  -lpthread -lm  >&5
configure:4432: $? = 0
configure:4435: test -s conftest
configure:4438: $? = 0
configure:4450: result: yes
configure:4880: checking whether gcc needs -traditional
configure:4924: result: no
configure:4935: checking for strstr
configure:4985: gcc -o conftest -g -O2   conftest.c -lasound -lpthread -lm  >&5
configure:4989: warning: conflicting types for built-in function `strstr'
configure:4988: $? = 0
configure:4991: test -s conftest
configure:4994: $? = 0
configure:5005: result: yes
configure:5142: creating ./config.status

## ---------------------- ##
## Running config.status. ##
## ---------------------- ##

This file was extended by STK config.status 4.1.2, which was
generated by GNU Autoconf 2.57.  Invocation command line was

  CONFIG_FILES    = 
  CONFIG_HEADERS  = 
  CONFIG_LINKS    = 
  CONFIG_COMMANDS = 
  $ ./config.status 

on laboite

config.status:626: creating src/Makefile
config.status:626: creating projects/demo/Makefile
config.status:626: creating projects/effects/Makefile
config.status:626: creating projects/ragamatic/Makefile
config.status:626: creating projects/examples/Makefile

## ---------------- ##
## Cache variables. ##
## ---------------- ##

ac_cv_build=i686-pc-linux-gnu
ac_cv_build_alias=i686-pc-linux-gnu
ac_cv_c_bigendian=no
ac_cv_c_compiler_gnu=yes
ac_cv_c_const=yes
ac_cv_cxx_compiler_gnu=yes
ac_cv_env_CC_set=set
ac_cv_env_CC_value=gcc
ac_cv_env_CFLAGS_set=
ac_cv_env_CFLAGS_value=
ac_cv_env_CPPFLAGS_set=
ac_cv_env_CPPFLAGS_value=
ac_cv_env_CPP_set=
ac_cv_env_CPP_value=
ac_cv_env_CXXFLAGS_set=
ac_cv_env_CXXFLAGS_value=
ac_cv_env_CXX_set=set
ac_cv_env_CXX_value=g++
ac_cv_env_LDFLAGS_set=
ac_cv_env_LDFLAGS_value=
ac_cv_env_build_alias_set=
ac_cv_env_build_alias_value=
ac_cv_env_host_alias_set=
ac_cv_env_host_alias_value=
ac_cv_env_target_alias_set=
ac_cv_env_target_alias_value=
ac_cv_exeext=
ac_cv_func_gettimeofday=yes
ac_cv_func_select=yes
ac_cv_func_socket=yes
ac_cv_func_strstr=yes
ac_cv_header_fcntl_h=yes
ac_cv_header_inttypes_h=yes
ac_cv_header_memory_h=yes
ac_cv_header_stdc=yes
ac_cv_header_stdint_h=yes
ac_cv_header_stdlib_h=yes
ac_cv_header_string_h=yes
ac_cv_header_strings_h=yes
ac_cv_header_sys_ioctl_h=yes
ac_cv_header_sys_stat_h=yes
ac_cv_header_sys_time_h=yes
ac_cv_header_sys_types_h=yes
ac_cv_header_termio_h=yes
ac_cv_header_time=yes
ac_cv_header_unistd_h=yes
ac_cv_host=i686-pc-linux-gnu
ac_cv_host_alias=i686-pc-linux-gnu
ac_cv_lib_asound_snd_pcm_open=yes
ac_cv_lib_m_cos=yes
ac_cv_lib_pthread_pthread_create=yes
ac_cv_objext=o
ac_cv_prog_CPP='gcc -E'
ac_cv_prog_ac_ct_CC=gcc
ac_cv_prog_cc_g=yes
ac_cv_prog_cc_stdc=
ac_cv_prog_cxx_g=yes
ac_cv_prog_egrep='grep -E'
ac_cv_prog_gcc_traditional=no
ac_cv_type_size_t=yes

## ----------------- ##
## Output variables. ##
## ----------------- ##

CC='gcc'
CFLAGS='-g -O2'
CPP='gcc -E'
CPPFLAGS=''
CXX='g++'
CXXFLAGS='-g -O2'
DEFS='-DPACKAGE_NAME=\"STK\" -DPACKAGE_TARNAME=\"stk\" -DPACKAGE_VERSION=\"4.1.2\" -DPACKAGE_STRING=\"STK\ 4.1.2\" -DPACKAGE_BUGREPORT=\"gary@ccrma.stanford.edu\" -DSTDC_HEADERS=1 -DHAVE_SYS_TYPES_H=1 -DHAVE_SYS_STAT_H=1 -DHAVE_STDLIB_H=1 -DHAVE_STRING_H=1 -DHAVE_MEMORY_H=1 -DHAVE_STRINGS_H=1 -DHAVE_INTTYPES_H=1 -DHAVE_STDINT_H=1 -DHAVE_UNISTD_H=1 -DHAVE_FCNTL_H=1 -DHAVE_SYS_IOCTL_H=1 -DHAVE_SYS_TIME_H=1 -DHAVE_TERMIO_H=1 -DHAVE_UNISTD_H=1 -DTIME_WITH_SYS_TIME=1 -DHAVE_LIBM=1 -DHAVE_LIBPTHREAD=1 -DHAVE_GETTIMEOFDAY=1 -DHAVE_SELECT=1 -DHAVE_SOCKET=1 -DHAVE_LIBASOUND=1 -DHAVE_STRSTR=1 '
ECHO_C=''
ECHO_N='-n'
ECHO_T=''
EGREP='grep -E'
EXEEXT=''
LDFLAGS=''
LIBOBJS=''
LIBS='-lasound -lpthread -lm '
LTLIBOBJS=''
OBJEXT='o'
PACKAGE_BUGREPORT='gary@ccrma.stanford.edu'
PACKAGE_NAME='STK'
PACKAGE_STRING='STK 4.1.2'
PACKAGE_TARNAME='stk'
PACKAGE_VERSION='4.1.2'
PATH_SEPARATOR=':'
SHELL='/bin/sh'
ac_ct_CC='gcc'
ac_ct_CXX=''
audio_apis='-D__LINUX_ALSA__ '
bindir='${exec_prefix}/bin'
build='i686-pc-linux-gnu'
build_alias=''
build_cpu='i686'
build_os='linux-gnu'
build_vendor='pc'
byte_order='-D__LITTLE_ENDIAN__'
cflags='-g'
datadir='${prefix}/share'
debug='-D_STK_DEBUG_'
exec_prefix='${prefix}'
frameworks=''
host='i686-pc-linux-gnu'
host_alias=''
host_cpu='i686'
host_os='linux-gnu'
host_vendor='pc'
include=''
includedir='${prefix}/include'
infodir='${prefix}/info'
libdir='${exec_prefix}/lib'
libexecdir='${exec_prefix}/libexec'
localstatedir='${prefix}/var'
mandir='${prefix}/man'
midiator=''
object_path='Debug'
oldincludedir='/usr/include'
prefix='/usr/local'
program_transform_name='s,x,x,'
rawwaves=''
realtime='yes'
sbindir='${exec_prefix}/sbin'
sharedstatedir='${prefix}/com'
sound_api='-D__LINUX_ALSA__'
sysconfdir='${prefix}/etc'
target_alias=''
warn='-Wall -g'

## ----------- ##
## confdefs.h. ##
## ----------- ##

#define HAVE_FCNTL_H 1
#define HAVE_GETTIMEOFDAY 1
#define HAVE_INTTYPES_H 1
#define HAVE_LIBASOUND 1
#define HAVE_LIBM 1
#define HAVE_LIBPTHREAD 1
#define HAVE_MEMORY_H 1
#define HAVE_SELECT 1
#define HAVE_SOCKET 1
#define HAVE_STDINT_H 1
#define HAVE_STDLIB_H 1
#define HAVE_STRINGS_H 1
#define HAVE_STRING_H 1
#define HAVE_STRSTR 1
#define HAVE_SYS_IOCTL_H 1
#define HAVE_SYS_STAT_H 1
#define HAVE_SYS_TIME_H 1
#define HAVE_SYS_TYPES_H 1
#define HAVE_TERMIO_H 1
#define HAVE_UNISTD_H 1
#define HAVE_UNISTD_H 1
#define PACKAGE_BUGREPORT "gary@ccrma.stanford.edu"
#define PACKAGE_NAME "STK"
#define PACKAGE_STRING "STK 4.1.2"
#define PACKAGE_TARNAME "stk"
#define PACKAGE_VERSION "4.1.2"
#define STDC_HEADERS 1
#define TIME_WITH_SYS_TIME 1
#endif
#ifdef __cplusplus
#include <stdlib.h>

configure: exit 0
